

Started GET "/" for ::1 at 2015-03-21 15:01:02 -0400

ActiveRecord::PendingMigrationError (

Migrations are pending. To resolve this issue, run:

	bin/rake db:migrate RAILS_ENV=development

):
  activerecord (4.2.0) lib/active_record/migration.rb:393:in `check_pending!'
  activerecord (4.2.0) lib/active_record/migration.rb:374:in `call'
  actionpack (4.2.0) lib/action_dispatch/middleware/callbacks.rb:29:in `block in call'
  activesupport (4.2.0) lib/active_support/callbacks.rb:88:in `call'
  activesupport (4.2.0) lib/active_support/callbacks.rb:88:in `_run_callbacks'
  activesupport (4.2.0) lib/active_support/callbacks.rb:734:in `_run_call_callbacks'
  activesupport (4.2.0) lib/active_support/callbacks.rb:81:in `run_callbacks'
  actionpack (4.2.0) lib/action_dispatch/middleware/callbacks.rb:27:in `call'
  actionpack (4.2.0) lib/action_dispatch/middleware/reloader.rb:73:in `call'
  actionpack (4.2.0) lib/action_dispatch/middleware/remote_ip.rb:78:in `call'
  actionpack (4.2.0) lib/action_dispatch/middleware/debug_exceptions.rb:17:in `call'
  web-console (2.1.2) lib/web_console/middleware.rb:37:in `call'
  actionpack (4.2.0) lib/action_dispatch/middleware/show_exceptions.rb:30:in `call'
  railties (4.2.0) lib/rails/rack/logger.rb:38:in `call_app'
  railties (4.2.0) lib/rails/rack/logger.rb:20:in `block in call'
  activesupport (4.2.0) lib/active_support/tagged_logging.rb:68:in `block in tagged'
  activesupport (4.2.0) lib/active_support/tagged_logging.rb:26:in `tagged'
  activesupport (4.2.0) lib/active_support/tagged_logging.rb:68:in `tagged'
  railties (4.2.0) lib/rails/rack/logger.rb:20:in `call'
  actionpack (4.2.0) lib/action_dispatch/middleware/request_id.rb:21:in `call'
  rack (1.6.0) lib/rack/methodoverride.rb:22:in `call'
  rack (1.6.0) lib/rack/runtime.rb:18:in `call'
  activesupport (4.2.0) lib/active_support/cache/strategy/local_cache_middleware.rb:28:in `call'
  rack (1.6.0) lib/rack/lock.rb:17:in `call'
  actionpack (4.2.0) lib/action_dispatch/middleware/static.rb:113:in `call'
  rack (1.6.0) lib/rack/sendfile.rb:113:in `call'
  railties (4.2.0) lib/rails/engine.rb:518:in `call'
  railties (4.2.0) lib/rails/application.rb:164:in `call'
  rack (1.6.0) lib/rack/lock.rb:17:in `call'
  rack (1.6.0) lib/rack/content_length.rb:15:in `call'
  rack (1.6.0) lib/rack/handler/webrick.rb:89:in `service'
  /Users/apprentice/.rbenv/versions/2.0.0-p353/lib/ruby/2.0.0/webrick/httpserver.rb:138:in `service'
  /Users/apprentice/.rbenv/versions/2.0.0-p353/lib/ruby/2.0.0/webrick/httpserver.rb:94:in `run'
  /Users/apprentice/.rbenv/versions/2.0.0-p353/lib/ruby/2.0.0/webrick/server.rb:295:in `block in start_thread'


  Rendered /Users/apprentice/.rbenv/versions/2.0.0-p353/lib/ruby/gems/2.0.0/gems/actionpack-4.2.0/lib/action_dispatch/middleware/templates/rescues/_source.erb (3.0ms)
  Rendered /Users/apprentice/.rbenv/versions/2.0.0-p353/lib/ruby/gems/2.0.0/gems/actionpack-4.2.0/lib/action_dispatch/middleware/templates/rescues/_trace.html.erb (2.1ms)
  Rendered /Users/apprentice/.rbenv/versions/2.0.0-p353/lib/ruby/gems/2.0.0/gems/actionpack-4.2.0/lib/action_dispatch/middleware/templates/rescues/_request_and_response.html.erb (1.0ms)
  Rendered /Users/apprentice/.rbenv/versions/2.0.0-p353/lib/ruby/gems/2.0.0/gems/actionpack-4.2.0/lib/action_dispatch/middleware/templates/rescues/diagnostics.html.erb within rescues/layout (73.8ms)
  Rendered /Users/apprentice/.rbenv/versions/2.0.0-p353/lib/ruby/gems/2.0.0/gems/web-console-2.1.2/lib/web_console/templates/_markup.html.erb (0.7ms)
  Rendered /Users/apprentice/.rbenv/versions/2.0.0-p353/lib/ruby/gems/2.0.0/gems/web-console-2.1.2/lib/web_console/templates/style.css.erb within layouts/inlined_string (0.6ms)
  Rendered /Users/apprentice/.rbenv/versions/2.0.0-p353/lib/ruby/gems/2.0.0/gems/web-console-2.1.2/lib/web_console/templates/_inner_console_markup.html.erb within layouts/inlined_string (0.7ms)
  Rendered /Users/apprentice/.rbenv/versions/2.0.0-p353/lib/ruby/gems/2.0.0/gems/web-console-2.1.2/lib/web_console/templates/_prompt_box_markup.html.erb within layouts/inlined_string (1.0ms)
  Rendered /Users/apprentice/.rbenv/versions/2.0.0-p353/lib/ruby/gems/2.0.0/gems/web-console-2.1.2/lib/web_console/templates/console.js.erb within layouts/javascript (31.8ms)
  Rendered /Users/apprentice/.rbenv/versions/2.0.0-p353/lib/ruby/gems/2.0.0/gems/web-console-2.1.2/lib/web_console/templates/main.js.erb within layouts/javascript (0.7ms)
  Rendered /Users/apprentice/.rbenv/versions/2.0.0-p353/lib/ruby/gems/2.0.0/gems/web-console-2.1.2/lib/web_console/templates/error_page.js.erb within layouts/javascript (0.7ms)
  Rendered /Users/apprentice/.rbenv/versions/2.0.0-p353/lib/ruby/gems/2.0.0/gems/web-console-2.1.2/lib/web_console/templates/index.html.erb (67.4ms)
  [1m[36m (16.2ms)[0m  [1mCREATE TABLE "schema_migrations" ("version" varchar NOT NULL) [0m
  [1m[35m (0.1ms)[0m  select sqlite_version(*)
  [1m[36m (1.1ms)[0m  [1mCREATE UNIQUE INDEX "unique_schema_migrations" ON "schema_migrations" ("version")[0m
  [1m[35mActiveRecord::SchemaMigration Load (0.2ms)[0m  SELECT "schema_migrations".* FROM "schema_migrations"
Migrating to CreateVolunteers (20150321180102)
  [1m[36m (0.1ms)[0m  [1mbegin transaction[0m
  [1m[35m (0.8ms)[0m  CREATE TABLE "volunteers" ("id" INTEGER PRIMARY KEY AUTOINCREMENT NOT NULL, "first_name" varchar, "last_name" varchar, "address" varchar, "city" varchar, "state" varchar, "postal_code" varchar, "country" varchar, "telephone" varchar, "mobile" varchar, "email" varchar, "birthday" varchar, "position_question" text, "ec_name" varchar, "ec_telephone" varchar, "mon_am" boolean, "mon_pm" boolean, "tues_am" boolean, "tues_pm" boolean, "wed_am" boolean, "wed_pm" boolean, "thurs_am" boolean, "thurs_pm" boolean, "fri_am" boolean, "fri_pm" boolean, "hours_available" integer, "day_or_week_available" boolean, "why_interested" text, "skills" text, "convictions" text, "created_at" datetime NOT NULL, "updated_at" datetime NOT NULL) 
  [1m[36mSQL (0.2ms)[0m  [1mINSERT INTO "schema_migrations" ("version") VALUES (?)[0m  [["version", "20150321180102"]]
  [1m[35m (1.3ms)[0m  commit transaction
Migrating to CreateEducations (20150321182621)
  [1m[36m (0.1ms)[0m  [1mbegin transaction[0m
  [1m[35m (0.4ms)[0m  CREATE TABLE "educations" ("id" INTEGER PRIMARY KEY AUTOINCREMENT NOT NULL, "volunteers_id" integer, "dates" varchar, "qualification_courses" text, "place_of_education" text, "grade" varchar, "created_at" datetime NOT NULL, "updated_at" datetime NOT NULL) 
  [1m[36mSQL (0.2ms)[0m  [1mINSERT INTO "schema_migrations" ("version") VALUES (?)[0m  [["version", "20150321182621"]]
  [1m[35m (1.1ms)[0m  commit transaction
Migrating to CreateWorkExperiences (20150321183534)
  [1m[36m (0.1ms)[0m  [1mbegin transaction[0m
  [1m[35m (0.5ms)[0m  CREATE TABLE "work_experiences" ("id" INTEGER PRIMARY KEY AUTOINCREMENT NOT NULL, "volunteers_id" integer, "dates" varchar, "employer" text, "job" text, "reason_for_leaving" text, "created_at" datetime NOT NULL, "updated_at" datetime NOT NULL) 
  [1m[36mSQL (0.2ms)[0m  [1mINSERT INTO "schema_migrations" ("version") VALUES (?)[0m  [["version", "20150321183534"]]
  [1m[35m (1.1ms)[0m  commit transaction
Migrating to CreateVideos (20150321183659)
  [1m[36m (0.1ms)[0m  [1mbegin transaction[0m
  [1m[35m (0.5ms)[0m  CREATE TABLE "videos" ("id" INTEGER PRIMARY KEY AUTOINCREMENT NOT NULL, "title" varchar, "description" text, "embed_link" varchar, "created_at" datetime NOT NULL, "updated_at" datetime NOT NULL) 
  [1m[36mSQL (0.3ms)[0m  [1mINSERT INTO "schema_migrations" ("version") VALUES (?)[0m  [["version", "20150321183659"]]
  [1m[35m (1.1ms)[0m  commit transaction
Migrating to CreateSuccessStories (20150321183905)
  [1m[36m (0.1ms)[0m  [1mbegin transaction[0m
  [1m[35m (0.5ms)[0m  CREATE TABLE "success_stories" ("id" INTEGER PRIMARY KEY AUTOINCREMENT NOT NULL, "photo_url" varchar, "date" varchar, "title" varchar, "description" text, "created_at" datetime NOT NULL, "updated_at" datetime NOT NULL) 
  [1m[36mSQL (0.2ms)[0m  [1mINSERT INTO "schema_migrations" ("version") VALUES (?)[0m  [["version", "20150321183905"]]
  [1m[35m (1.1ms)[0m  commit transaction
  [1m[36mActiveRecord::SchemaMigration Load (0.1ms)[0m  [1mSELECT "schema_migrations".* FROM "schema_migrations"[0m
  [1m[36m (5.3ms)[0m  [1mDROP TABLE "educations"[0m
  [1m[35m (1.2ms)[0m  CREATE TABLE "educations" ("id" INTEGER PRIMARY KEY AUTOINCREMENT NOT NULL, "volunteers_id" integer, "dates" varchar, "qualification_courses" text, "place_of_education" text, "grade" varchar, "created_at" datetime NOT NULL, "updated_at" datetime NOT NULL) 
  [1m[36m (1.1ms)[0m  [1mDROP TABLE "success_stories"[0m
  [1m[35m (1.3ms)[0m  CREATE TABLE "success_stories" ("id" INTEGER PRIMARY KEY AUTOINCREMENT NOT NULL, "photo_url" varchar, "date" varchar, "title" varchar, "description" text, "created_at" datetime NOT NULL, "updated_at" datetime NOT NULL) 
  [1m[36m (1.4ms)[0m  [1mDROP TABLE "videos"[0m
  [1m[35m (1.5ms)[0m  CREATE TABLE "videos" ("id" INTEGER PRIMARY KEY AUTOINCREMENT NOT NULL, "title" varchar, "description" text, "embed_link" varchar, "created_at" datetime NOT NULL, "updated_at" datetime NOT NULL) 
  [1m[36m (1.2ms)[0m  [1mDROP TABLE "volunteers"[0m
  [1m[35m (1.3ms)[0m  CREATE TABLE "volunteers" ("id" INTEGER PRIMARY KEY AUTOINCREMENT NOT NULL, "first_name" varchar, "last_name" varchar, "address" varchar, "city" varchar, "state" varchar, "postal_code" varchar, "country" varchar, "telephone" varchar, "mobile" varchar, "email" varchar, "birthday" varchar, "position_question" text, "ec_name" varchar, "ec_telephone" varchar, "mon_am" boolean, "mon_pm" boolean, "tues_am" boolean, "tues_pm" boolean, "wed_am" boolean, "wed_pm" boolean, "thurs_am" boolean, "thurs_pm" boolean, "fri_am" boolean, "fri_pm" boolean, "hours_available" integer, "day_or_week_available" boolean, "why_interested" text, "skills" text, "convictions" text, "created_at" datetime NOT NULL, "updated_at" datetime NOT NULL) 
  [1m[36m (1.3ms)[0m  [1mDROP TABLE "work_experiences"[0m
  [1m[35m (1.2ms)[0m  CREATE TABLE "work_experiences" ("id" INTEGER PRIMARY KEY AUTOINCREMENT NOT NULL, "volunteers_id" integer, "dates" varchar, "employer" text, "job" text, "reason_for_leaving" text, "created_at" datetime NOT NULL, "updated_at" datetime NOT NULL) 
  [1m[36m (0.2ms)[0m  [1mSELECT version FROM "schema_migrations"[0m
  [1m[35m (1.1ms)[0m  CREATE TABLE "educations" ("id" INTEGER PRIMARY KEY AUTOINCREMENT NOT NULL, "volunteers_id" integer, "dates" varchar, "qualification_courses" text, "place_of_education" text, "grade" varchar, "created_at" datetime NOT NULL, "updated_at" datetime NOT NULL) 
  [1m[36m (1.2ms)[0m  [1mCREATE TABLE "success_stories" ("id" INTEGER PRIMARY KEY AUTOINCREMENT NOT NULL, "photo_url" varchar, "date" varchar, "title" varchar, "description" text, "created_at" datetime NOT NULL, "updated_at" datetime NOT NULL) [0m
  [1m[35m (1.1ms)[0m  CREATE TABLE "videos" ("id" INTEGER PRIMARY KEY AUTOINCREMENT NOT NULL, "title" varchar, "description" text, "embed_link" varchar, "created_at" datetime NOT NULL, "updated_at" datetime NOT NULL) 
  [1m[36m (1.1ms)[0m  [1mCREATE TABLE "volunteers" ("id" INTEGER PRIMARY KEY AUTOINCREMENT NOT NULL, "first_name" varchar, "last_name" varchar, "address" varchar, "city" varchar, "state" varchar, "postal_code" varchar, "country" varchar, "telephone" varchar, "mobile" varchar, "email" varchar, "birthday" varchar, "position_question" text, "ec_name" varchar, "ec_telephone" varchar, "mon_am" boolean, "mon_pm" boolean, "tues_am" boolean, "tues_pm" boolean, "wed_am" boolean, "wed_pm" boolean, "thurs_am" boolean, "thurs_pm" boolean, "fri_am" boolean, "fri_pm" boolean, "hours_available" integer, "day_or_week_available" boolean, "why_interested" text, "skills" text, "convictions" text, "created_at" datetime NOT NULL, "updated_at" datetime NOT NULL) [0m
  [1m[35m (1.2ms)[0m  CREATE TABLE "work_experiences" ("id" INTEGER PRIMARY KEY AUTOINCREMENT NOT NULL, "volunteers_id" integer, "dates" varchar, "employer" text, "job" text, "reason_for_leaving" text, "created_at" datetime NOT NULL, "updated_at" datetime NOT NULL) 
  [1m[36m (1.4ms)[0m  [1mCREATE TABLE "schema_migrations" ("version" varchar NOT NULL) [0m
  [1m[35m (0.1ms)[0m  select sqlite_version(*)
  [1m[36m (6.5ms)[0m  [1mCREATE UNIQUE INDEX "unique_schema_migrations" ON "schema_migrations" ("version")[0m
  [1m[35m (0.2ms)[0m  SELECT version FROM "schema_migrations"
  [1m[36m (1.3ms)[0m  [1mINSERT INTO "schema_migrations" (version) VALUES ('20150321183905')[0m
  [1m[35m (1.3ms)[0m  INSERT INTO "schema_migrations" (version) VALUES ('20150321180102')
  [1m[36m (6.6ms)[0m  [1mINSERT INTO "schema_migrations" (version) VALUES ('20150321182621')[0m
  [1m[35m (4.1ms)[0m  INSERT INTO "schema_migrations" (version) VALUES ('20150321183534')
  [1m[36m (1.5ms)[0m  [1mINSERT INTO "schema_migrations" (version) VALUES ('20150321183659')[0m
  [1m[35mActiveRecord::SchemaMigration Load (0.2ms)[0m  SELECT "schema_migrations".* FROM "schema_migrations"


Started GET "/" for ::1 at 2015-03-21 15:02:55 -0400
  [1m[36mActiveRecord::SchemaMigration Load (0.3ms)[0m  [1mSELECT "schema_migrations".* FROM "schema_migrations"[0m
Processing by Rails::WelcomeController#index as HTML
  Rendered /Users/apprentice/.rbenv/versions/2.0.0-p353/lib/ruby/gems/2.0.0/gems/railties-4.2.0/lib/rails/templates/rails/welcome/index.html.erb (1.0ms)
Completed 200 OK in 31ms (Views: 6.4ms | ActiveRecord: 0.0ms)


Started GET "/volunteers" for ::1 at 2015-03-21 15:03:06 -0400
Processing by VolunteersController#index as HTML
  [1m[35mVolunteer Load (0.3ms)[0m  SELECT "volunteers".* FROM "volunteers"
  Rendered volunteers/index.html.erb within layouts/application (4.0ms)
Completed 500 Internal Server Error in 221ms

ActionView::Template::Error (File to import not found or unreadable: foundation/functions.
Load paths:
  /Users/apprentice/Desktop/Nataliya/app/assets/images
  /Users/apprentice/Desktop/Nataliya/app/assets/javascripts
  /Users/apprentice/Desktop/Nataliya/app/assets/stylesheets
  /Users/apprentice/Desktop/Nataliya/vendor/assets/javascripts
  /Users/apprentice/Desktop/Nataliya/vendor/assets/stylesheets
  /Users/apprentice/.rbenv/versions/2.0.0-p353/lib/ruby/gems/2.0.0/gems/turbolinks-2.5.3/lib/assets/javascripts
  /Users/apprentice/.rbenv/versions/2.0.0-p353/lib/ruby/gems/2.0.0/gems/jquery-rails-4.0.3/vendor/assets/javascripts
  /Users/apprentice/.rbenv/versions/2.0.0-p353/lib/ruby/gems/2.0.0/gems/coffee-rails-4.1.0/lib/assets/javascripts
  (in /Users/apprentice/Desktop/Nataliya/app/assets/stylesheets/foundation_and_overrides.scss:58)):
     6: 
     7:     <title><%= content_for?(:title) ? yield(:title) : "foundation-rails" %></title>
     8: 
     9:     <%= stylesheet_link_tag    "application" %>
    10:     <%= javascript_include_tag "vendor/modernizr" %>
    11:     <%= javascript_include_tag "application", 'data-turbolinks-track' => true %>
    12:     <%= csrf_meta_tags %>
  app/assets/stylesheets/foundation_and_overrides.scss:58
  app/views/layouts/application.html.erb:9:in `_app_views_layouts_application_html_erb__4252220335727174865_70235748688240'


  Rendered /Users/apprentice/.rbenv/versions/2.0.0-p353/lib/ruby/gems/2.0.0/gems/actionpack-4.2.0/lib/action_dispatch/middleware/templates/rescues/_source.erb (25.4ms)
  Rendered /Users/apprentice/.rbenv/versions/2.0.0-p353/lib/ruby/gems/2.0.0/gems/actionpack-4.2.0/lib/action_dispatch/middleware/templates/rescues/_trace.html.erb (4.9ms)
  Rendered /Users/apprentice/.rbenv/versions/2.0.0-p353/lib/ruby/gems/2.0.0/gems/actionpack-4.2.0/lib/action_dispatch/middleware/templates/rescues/_request_and_response.html.erb (1.5ms)
  Rendered /Users/apprentice/.rbenv/versions/2.0.0-p353/lib/ruby/gems/2.0.0/gems/actionpack-4.2.0/lib/action_dispatch/middleware/templates/rescues/template_error.html.erb within rescues/layout (54.0ms)
  Rendered /Users/apprentice/.rbenv/versions/2.0.0-p353/lib/ruby/gems/2.0.0/gems/web-console-2.1.2/lib/web_console/templates/_markup.html.erb (0.5ms)
  Rendered /Users/apprentice/.rbenv/versions/2.0.0-p353/lib/ruby/gems/2.0.0/gems/web-console-2.1.2/lib/web_console/templates/style.css.erb within layouts/inlined_string (0.6ms)
  Rendered /Users/apprentice/.rbenv/versions/2.0.0-p353/lib/ruby/gems/2.0.0/gems/web-console-2.1.2/lib/web_console/templates/_inner_console_markup.html.erb within layouts/inlined_string (0.6ms)
  Rendered /Users/apprentice/.rbenv/versions/2.0.0-p353/lib/ruby/gems/2.0.0/gems/web-console-2.1.2/lib/web_console/templates/_prompt_box_markup.html.erb within layouts/inlined_string (0.4ms)
  Rendered /Users/apprentice/.rbenv/versions/2.0.0-p353/lib/ruby/gems/2.0.0/gems/web-console-2.1.2/lib/web_console/templates/console.js.erb within layouts/javascript (26.4ms)
  Rendered /Users/apprentice/.rbenv/versions/2.0.0-p353/lib/ruby/gems/2.0.0/gems/web-console-2.1.2/lib/web_console/templates/main.js.erb within layouts/javascript (0.6ms)
  Rendered /Users/apprentice/.rbenv/versions/2.0.0-p353/lib/ruby/gems/2.0.0/gems/web-console-2.1.2/lib/web_console/templates/error_page.js.erb within layouts/javascript (0.7ms)
  Rendered /Users/apprentice/.rbenv/versions/2.0.0-p353/lib/ruby/gems/2.0.0/gems/web-console-2.1.2/lib/web_console/templates/index.html.erb (55.7ms)


Started GET "/volunteer/new" for ::1 at 2015-03-21 15:03:28 -0400

ActionController::RoutingError (No route matches [GET] "/volunteer/new"):
  actionpack (4.2.0) lib/action_dispatch/middleware/debug_exceptions.rb:21:in `call'
  web-console (2.1.2) lib/web_console/middleware.rb:37:in `call'
  actionpack (4.2.0) lib/action_dispatch/middleware/show_exceptions.rb:30:in `call'
  railties (4.2.0) lib/rails/rack/logger.rb:38:in `call_app'
  railties (4.2.0) lib/rails/rack/logger.rb:20:in `block in call'
  activesupport (4.2.0) lib/active_support/tagged_logging.rb:68:in `block in tagged'
  activesupport (4.2.0) lib/active_support/tagged_logging.rb:26:in `tagged'
  activesupport (4.2.0) lib/active_support/tagged_logging.rb:68:in `tagged'
  railties (4.2.0) lib/rails/rack/logger.rb:20:in `call'
  actionpack (4.2.0) lib/action_dispatch/middleware/request_id.rb:21:in `call'
  rack (1.6.0) lib/rack/methodoverride.rb:22:in `call'
  rack (1.6.0) lib/rack/runtime.rb:18:in `call'
  activesupport (4.2.0) lib/active_support/cache/strategy/local_cache_middleware.rb:28:in `call'
  rack (1.6.0) lib/rack/lock.rb:17:in `call'
  actionpack (4.2.0) lib/action_dispatch/middleware/static.rb:113:in `call'
  rack (1.6.0) lib/rack/sendfile.rb:113:in `call'
  railties (4.2.0) lib/rails/engine.rb:518:in `call'
  railties (4.2.0) lib/rails/application.rb:164:in `call'
  rack (1.6.0) lib/rack/lock.rb:17:in `call'
  rack (1.6.0) lib/rack/content_length.rb:15:in `call'
  rack (1.6.0) lib/rack/handler/webrick.rb:89:in `service'
  /Users/apprentice/.rbenv/versions/2.0.0-p353/lib/ruby/2.0.0/webrick/httpserver.rb:138:in `service'
  /Users/apprentice/.rbenv/versions/2.0.0-p353/lib/ruby/2.0.0/webrick/httpserver.rb:94:in `run'
  /Users/apprentice/.rbenv/versions/2.0.0-p353/lib/ruby/2.0.0/webrick/server.rb:295:in `block in start_thread'


  Rendered /Users/apprentice/.rbenv/versions/2.0.0-p353/lib/ruby/gems/2.0.0/gems/actionpack-4.2.0/lib/action_dispatch/middleware/templates/rescues/_trace.html.erb (2.5ms)
  Rendered /Users/apprentice/.rbenv/versions/2.0.0-p353/lib/ruby/gems/2.0.0/gems/actionpack-4.2.0/lib/action_dispatch/middleware/templates/routes/_route.html.erb (3.0ms)
  Rendered /Users/apprentice/.rbenv/versions/2.0.0-p353/lib/ruby/gems/2.0.0/gems/actionpack-4.2.0/lib/action_dispatch/middleware/templates/routes/_table.html.erb (11.6ms)
  Rendered /Users/apprentice/.rbenv/versions/2.0.0-p353/lib/ruby/gems/2.0.0/gems/actionpack-4.2.0/lib/action_dispatch/middleware/templates/rescues/_request_and_response.html.erb (1.2ms)
  Rendered /Users/apprentice/.rbenv/versions/2.0.0-p353/lib/ruby/gems/2.0.0/gems/actionpack-4.2.0/lib/action_dispatch/middleware/templates/rescues/routing_error.html.erb within rescues/layout (67.6ms)
  Rendered /Users/apprentice/.rbenv/versions/2.0.0-p353/lib/ruby/gems/2.0.0/gems/web-console-2.1.2/lib/web_console/templates/_markup.html.erb (0.4ms)
  Rendered /Users/apprentice/.rbenv/versions/2.0.0-p353/lib/ruby/gems/2.0.0/gems/web-console-2.1.2/lib/web_console/templates/style.css.erb within layouts/inlined_string (0.4ms)
  Rendered /Users/apprentice/.rbenv/versions/2.0.0-p353/lib/ruby/gems/2.0.0/gems/web-console-2.1.2/lib/web_console/templates/_inner_console_markup.html.erb within layouts/inlined_string (0.5ms)
  Rendered /Users/apprentice/.rbenv/versions/2.0.0-p353/lib/ruby/gems/2.0.0/gems/web-console-2.1.2/lib/web_console/templates/_prompt_box_markup.html.erb within layouts/inlined_string (0.4ms)
  Rendered /Users/apprentice/.rbenv/versions/2.0.0-p353/lib/ruby/gems/2.0.0/gems/web-console-2.1.2/lib/web_console/templates/console.js.erb within layouts/javascript (25.6ms)
  Rendered /Users/apprentice/.rbenv/versions/2.0.0-p353/lib/ruby/gems/2.0.0/gems/web-console-2.1.2/lib/web_console/templates/main.js.erb within layouts/javascript (0.5ms)
  Rendered /Users/apprentice/.rbenv/versions/2.0.0-p353/lib/ruby/gems/2.0.0/gems/web-console-2.1.2/lib/web_console/templates/error_page.js.erb within layouts/javascript (0.7ms)
  Rendered /Users/apprentice/.rbenv/versions/2.0.0-p353/lib/ruby/gems/2.0.0/gems/web-console-2.1.2/lib/web_console/templates/index.html.erb (50.4ms)


Started GET "/volunteers/new" for ::1 at 2015-03-21 15:03:40 -0400
Processing by VolunteersController#new as HTML
  Rendered volunteers/_form.html.erb (22.5ms)
  Rendered volunteers/new.html.erb within layouts/application (24.5ms)
Completed 500 Internal Server Error in 132ms

ActionView::Template::Error (File to import not found or unreadable: foundation/functions.
Load paths:
  /Users/apprentice/Desktop/Nataliya/app/assets/images
  /Users/apprentice/Desktop/Nataliya/app/assets/javascripts
  /Users/apprentice/Desktop/Nataliya/app/assets/stylesheets
  /Users/apprentice/Desktop/Nataliya/vendor/assets/javascripts
  /Users/apprentice/Desktop/Nataliya/vendor/assets/stylesheets
  /Users/apprentice/.rbenv/versions/2.0.0-p353/lib/ruby/gems/2.0.0/gems/turbolinks-2.5.3/lib/assets/javascripts
  /Users/apprentice/.rbenv/versions/2.0.0-p353/lib/ruby/gems/2.0.0/gems/jquery-rails-4.0.3/vendor/assets/javascripts
  /Users/apprentice/.rbenv/versions/2.0.0-p353/lib/ruby/gems/2.0.0/gems/coffee-rails-4.1.0/lib/assets/javascripts
  (in /Users/apprentice/Desktop/Nataliya/app/assets/stylesheets/foundation_and_overrides.scss:58)):
     6: 
     7:     <title><%= content_for?(:title) ? yield(:title) : "foundation-rails" %></title>
     8: 
     9:     <%= stylesheet_link_tag    "application" %>
    10:     <%= javascript_include_tag "vendor/modernizr" %>
    11:     <%= javascript_include_tag "application", 'data-turbolinks-track' => true %>
    12:     <%= csrf_meta_tags %>
  app/assets/stylesheets/foundation_and_overrides.scss:58
  app/views/layouts/application.html.erb:9:in `_app_views_layouts_application_html_erb__4252220335727174865_70235748688240'


  Rendered /Users/apprentice/.rbenv/versions/2.0.0-p353/lib/ruby/gems/2.0.0/gems/actionpack-4.2.0/lib/action_dispatch/middleware/templates/rescues/_source.erb (21.9ms)
  Rendered /Users/apprentice/.rbenv/versions/2.0.0-p353/lib/ruby/gems/2.0.0/gems/actionpack-4.2.0/lib/action_dispatch/middleware/templates/rescues/_trace.html.erb (6.9ms)
  Rendered /Users/apprentice/.rbenv/versions/2.0.0-p353/lib/ruby/gems/2.0.0/gems/actionpack-4.2.0/lib/action_dispatch/middleware/templates/rescues/_request_and_response.html.erb (1.5ms)
  Rendered /Users/apprentice/.rbenv/versions/2.0.0-p353/lib/ruby/gems/2.0.0/gems/actionpack-4.2.0/lib/action_dispatch/middleware/templates/rescues/template_error.html.erb within rescues/layout (60.6ms)
  Rendered /Users/apprentice/.rbenv/versions/2.0.0-p353/lib/ruby/gems/2.0.0/gems/web-console-2.1.2/lib/web_console/templates/_markup.html.erb (0.7ms)
  Rendered /Users/apprentice/.rbenv/versions/2.0.0-p353/lib/ruby/gems/2.0.0/gems/web-console-2.1.2/lib/web_console/templates/style.css.erb within layouts/inlined_string (0.6ms)
  Rendered /Users/apprentice/.rbenv/versions/2.0.0-p353/lib/ruby/gems/2.0.0/gems/web-console-2.1.2/lib/web_console/templates/_inner_console_markup.html.erb within layouts/inlined_string (0.4ms)
  Rendered /Users/apprentice/.rbenv/versions/2.0.0-p353/lib/ruby/gems/2.0.0/gems/web-console-2.1.2/lib/web_console/templates/_prompt_box_markup.html.erb within layouts/inlined_string (3.7ms)
  Rendered /Users/apprentice/.rbenv/versions/2.0.0-p353/lib/ruby/gems/2.0.0/gems/web-console-2.1.2/lib/web_console/templates/console.js.erb within layouts/javascript (32.3ms)
  Rendered /Users/apprentice/.rbenv/versions/2.0.0-p353/lib/ruby/gems/2.0.0/gems/web-console-2.1.2/lib/web_console/templates/main.js.erb within layouts/javascript (0.5ms)
  Rendered /Users/apprentice/.rbenv/versions/2.0.0-p353/lib/ruby/gems/2.0.0/gems/web-console-2.1.2/lib/web_console/templates/error_page.js.erb within layouts/javascript (0.7ms)
  Rendered /Users/apprentice/.rbenv/versions/2.0.0-p353/lib/ruby/gems/2.0.0/gems/web-console-2.1.2/lib/web_console/templates/index.html.erb (69.0ms)


Started GET "/volunteers/new" for ::1 at 2015-03-21 15:04:41 -0400
  [1m[36mActiveRecord::SchemaMigration Load (0.2ms)[0m  [1mSELECT "schema_migrations".* FROM "schema_migrations"[0m
Processing by VolunteersController#new as HTML
  Rendered volunteers/_form.html.erb (7.7ms)
  Rendered volunteers/new.html.erb within layouts/application (13.5ms)
Completed 200 OK in 12730ms (Views: 12619.3ms | ActiveRecord: 0.9ms)


Started GET "/assets/foundation_and_overrides-4fcd0eda195a0e6c32aa5851da11e050.css?body=1" for ::1 at 2015-03-21 15:04:54 -0400


Started GET "/assets/videos-64e62ddc273c2f5847f30d698ca14b67.css?body=1" for ::1 at 2015-03-21 15:04:54 -0400


Started GET "/assets/volunteers-64e62ddc273c2f5847f30d698ca14b67.css?body=1" for ::1 at 2015-03-21 15:04:54 -0400


Started GET "/assets/success_stories-64e62ddc273c2f5847f30d698ca14b67.css?body=1" for ::1 at 2015-03-21 15:04:54 -0400


Started GET "/assets/scaffolds-5196631c3e17ad77ef65ec2f521a149e.css?body=1" for ::1 at 2015-03-21 15:04:54 -0400


Started GET "/assets/educations-64e62ddc273c2f5847f30d698ca14b67.css?body=1" for ::1 at 2015-03-21 15:04:54 -0400


Started GET "/assets/application-00486c090cf08e7aeb451e38fd6d875a.css?body=1" for ::1 at 2015-03-21 15:04:54 -0400


Started GET "/assets/work_experiences-64e62ddc273c2f5847f30d698ca14b67.css?body=1" for ::1 at 2015-03-21 15:04:54 -0400


Started GET "/assets/vendor/modernizr-ab036539ab2eac66b636accb8d06d77b.js?body=1" for ::1 at 2015-03-21 15:04:54 -0400


Started GET "/assets/jquery-87424c3c19e96d4fb033c10ebe21ec40.js?body=1" for ::1 at 2015-03-21 15:04:54 -0400


Started GET "/assets/jquery_ujs-e27bd20a10d28155845a22d71ef94f2f.js?body=1" for ::1 at 2015-03-21 15:04:54 -0400


Started GET "/assets/foundation/foundation.abide-cecd3b8dfdb9535c145e3160cca57cae.js?body=1" for ::1 at 2015-03-21 15:04:54 -0400


Started GET "/assets/foundation/foundation-013a9ecfcbd0d277665f83c66e076e18.js?body=1" for ::1 at 2015-03-21 15:04:54 -0400


Started GET "/assets/foundation/foundation.accordion-07d483c126d868809345e4abbcfd54a5.js?body=1" for ::1 at 2015-03-21 15:04:54 -0400


Started GET "/assets/foundation/foundation.clearing-b0828edefaad3278cd85c2faf6fd20ef.js?body=1" for ::1 at 2015-03-21 15:04:54 -0400


Started GET "/assets/foundation/foundation.dropdown-c6b22cf8e5474c59dc0bc19e2d290da5.js?body=1" for ::1 at 2015-03-21 15:04:54 -0400


Started GET "/assets/foundation/foundation.alert-e54c2d9000574a39e07b2e6ede6ae0f6.js?body=1" for ::1 at 2015-03-21 15:04:54 -0400


Started GET "/assets/foundation/foundation.interchange-adf4ca4cb9a1f36677701d7d06489ead.js?body=1" for ::1 at 2015-03-21 15:04:54 -0400


Started GET "/assets/foundation/foundation.joyride-7f23c30298ef55f2db505f357bd4a799.js?body=1" for ::1 at 2015-03-21 15:04:54 -0400


Started GET "/assets/foundation/foundation.magellan-8cd3c13f48f6d78fb172bb5200551918.js?body=1" for ::1 at 2015-03-21 15:04:54 -0400


Started GET "/assets/foundation/foundation.offcanvas-0c2112e52f2de840e27058c4912dd869.js?body=1" for ::1 at 2015-03-21 15:04:54 -0400


Started GET "/assets/foundation/foundation.orbit-925ec65dcf6be03dd5c7a1d472845b27.js?body=1" for ::1 at 2015-03-21 15:04:54 -0400


Started GET "/assets/foundation/foundation.reveal-7bd8d9ca180151af16ff7678033f8212.js?body=1" for ::1 at 2015-03-21 15:04:54 -0400


Started GET "/assets/foundation/foundation.slider-66a6fcccc01097ba84b9e9fb84a429ef.js?body=1" for ::1 at 2015-03-21 15:04:54 -0400


Started GET "/assets/foundation/foundation.tooltip-5214a0ecffb0be84dc9247c31455ef50.js?body=1" for ::1 at 2015-03-21 15:04:54 -0400


Started GET "/assets/foundation/foundation.tab-0d9dd6504af28bc75bdb999fbb120872.js?body=1" for ::1 at 2015-03-21 15:04:54 -0400


Started GET "/assets/foundation/foundation.topbar-ba04adaaf787a047a2bc9195842bb938.js?body=1" for ::1 at 2015-03-21 15:04:54 -0400


Started GET "/assets/foundation/foundation.equalizer-b93ba11c4146c58dd7d95ba14769e640.js?body=1" for ::1 at 2015-03-21 15:04:54 -0400


Started GET "/assets/foundation-cf9c2be01a146b330f05b712f6779903.js?body=1" for ::1 at 2015-03-21 15:04:54 -0400


Started GET "/assets/turbolinks-f87b3583ca50adb0488b031297f5580d.js?body=1" for ::1 at 2015-03-21 15:04:54 -0400


Started GET "/assets/educations-fcec5b5a277ac7c20cc9f45a209a3bcd.js?body=1" for ::1 at 2015-03-21 15:04:54 -0400


Started GET "/assets/videos-fcec5b5a277ac7c20cc9f45a209a3bcd.js?body=1" for ::1 at 2015-03-21 15:04:54 -0400


Started GET "/assets/volunteers-fcec5b5a277ac7c20cc9f45a209a3bcd.js?body=1" for ::1 at 2015-03-21 15:04:54 -0400


Started GET "/assets/success_stories-fcec5b5a277ac7c20cc9f45a209a3bcd.js?body=1" for ::1 at 2015-03-21 15:04:54 -0400


Started GET "/assets/application-9fff41777105dcfaef3d52b0cfb68e24.js?body=1" for ::1 at 2015-03-21 15:04:54 -0400


Started GET "/assets/work_experiences-fcec5b5a277ac7c20cc9f45a209a3bcd.js?body=1" for ::1 at 2015-03-21 15:04:54 -0400


Started GET "/volunteers" for ::1 at 2015-03-21 15:04:58 -0400
Processing by VolunteersController#index as HTML
  [1m[35mVolunteer Load (0.3ms)[0m  SELECT "volunteers".* FROM "volunteers"
  Rendered volunteers/index.html.erb within layouts/application (2.3ms)
Completed 200 OK in 373ms (Views: 371.2ms | ActiveRecord: 0.3ms)


Started GET "/success_stories" for ::1 at 2015-03-21 15:05:39 -0400
Processing by SuccessStoriesController#index as HTML
  [1m[36mSuccessStory Load (0.2ms)[0m  [1mSELECT "success_stories".* FROM "success_stories"[0m
  Rendered success_stories/index.html.erb within layouts/application (2.6ms)
Completed 200 OK in 388ms (Views: 384.2ms | ActiveRecord: 0.4ms)


Started GET "/success_stories/new" for ::1 at 2015-03-21 15:05:41 -0400
Processing by SuccessStoriesController#new as HTML
  Rendered success_stories/_form.html.erb (3.3ms)
  Rendered success_stories/new.html.erb within layouts/application (7.3ms)
Completed 200 OK in 460ms (Views: 390.9ms | ActiveRecord: 0.2ms)


Started POST "/success_stories" for ::1 at 2015-03-21 15:05:43 -0400
Processing by SuccessStoriesController#create as HTML
  Parameters: {"utf8"=>"✓", "authenticity_token"=>"WxesQeHOKYwbMc72paZ1fsorJqPADZZG/GBjj4PTjWCJEUbTUw6STfQoIR36ABV8wsBijU5x+mHUX/9/e6xEqA==", "commit"=>"Create Success story"}
  [1m[35m (0.1ms)[0m  begin transaction
  [1m[36mSQL (0.7ms)[0m  [1mINSERT INTO "success_stories" ("created_at", "updated_at") VALUES (?, ?)[0m  [["created_at", "2015-03-21 19:05:43.213449"], ["updated_at", "2015-03-21 19:05:43.213449"]]
  [1m[35m (1.5ms)[0m  commit transaction
Redirected to http://localhost:3000/success_stories/1
Completed 302 Found in 11ms (ActiveRecord: 2.4ms)


Started GET "/success_stories/1" for ::1 at 2015-03-21 15:05:43 -0400
Processing by SuccessStoriesController#show as HTML
  Parameters: {"id"=>"1"}
  [1m[36mSuccessStory Load (0.2ms)[0m  [1mSELECT  "success_stories".* FROM "success_stories" WHERE "success_stories"."id" = ? LIMIT 1[0m  [["id", 1]]
  Rendered success_stories/show.html.erb within layouts/application (1.3ms)
Completed 200 OK in 437ms (Views: 406.0ms | ActiveRecord: 0.2ms)


Started GET "/success_stories" for ::1 at 2015-03-21 15:05:47 -0400
Processing by SuccessStoriesController#index as HTML
  [1m[35mSuccessStory Load (0.2ms)[0m  SELECT "success_stories".* FROM "success_stories"
  Rendered success_stories/index.html.erb within layouts/application (2.7ms)
Completed 200 OK in 396ms (Views: 394.4ms | ActiveRecord: 0.2ms)


Started DELETE "/success_stories/1" for ::1 at 2015-03-21 15:05:52 -0400
Processing by SuccessStoriesController#destroy as HTML
  Parameters: {"authenticity_token"=>"Rb650TUr8O8g9XsdeAwTNmLrmWxa59a6L6kI45VEBGuXuFNDh+tLLs/slPYnqnM0agDdQtSbup0HlpQTbTvNow==", "id"=>"1"}
  [1m[36mSuccessStory Load (0.2ms)[0m  [1mSELECT  "success_stories".* FROM "success_stories" WHERE "success_stories"."id" = ? LIMIT 1[0m  [["id", 1]]
  [1m[35m (0.1ms)[0m  begin transaction
  [1m[36mSQL (0.9ms)[0m  [1mDELETE FROM "success_stories" WHERE "success_stories"."id" = ?[0m  [["id", 1]]
  [1m[35m (24.4ms)[0m  commit transaction
Redirected to http://localhost:3000/success_stories
Completed 302 Found in 30ms (ActiveRecord: 25.6ms)


Started GET "/success_stories" for ::1 at 2015-03-21 15:05:52 -0400
Processing by SuccessStoriesController#index as HTML
  [1m[36mSuccessStory Load (0.2ms)[0m  [1mSELECT "success_stories".* FROM "success_stories"[0m
  Rendered success_stories/index.html.erb within layouts/application (1.2ms)
Completed 200 OK in 392ms (Views: 391.2ms | ActiveRecord: 0.2ms)
